  Barn.cpp
  BreadthFirstIterator.cpp
  CropField.cpp
  DeliveryTruck.cpp
  DepthFirstIterator.cpp
  DrySoil.cpp
  ExtraBarnCropField.cpp
  Farm.cpp
  FarmCollection.cpp
  FarmIterator.cpp
  FarmUnit.cpp
  FertilisedCropField.cpp
  FertiliserTruck.cpp
  FloodedSoil.cpp
  FruitfulSoil.cpp
  SoilState.cpp
  TestingMain.cpp
  Truck.cpp
  Generating Code...
  Practical 4.vcxproj -> C:\Users\SOMMY\OneDrive - Northcliff High School\Desktop\Computer Science\Second Year Semester 2\COS214\Practicals\Practical 4\COS214-Practical4\Practical 4\x64\Debug\Practical 4.exe
